{"sessionId":"58625f","runId":"post-fix","hypothesisId":"H6","location":"Program.cs:StartGlobalEscapeHook","message":"Starting global keyboard hook thread.","data":{},"timestamp":1772180538933}
{"sessionId":"58625f","runId":"post-fix","hypothesisId":"H6","location":"Program.cs:StartGlobalEscapeHook","message":"Global keyboard hook installed.","data":{},"timestamp":1772180539056}
{"sessionId":"58625f","runId":"post-fix","hypothesisId":"H2","location":"Program.cs:PollEscapeHotkey","message":"First escape edge detected; entering pause mode.","data":{"hasNewEscapePress":true,"pauseRequested":true,"ignoreEscapeUntilUtcTicks":639077773411916479},"timestamp":1772180540691}
{"sessionId":"58625f","runId":"post-fix","hypothesisId":"H6","location":"Program.cs:KeyboardHookCallback","message":"Global hook captured escape keydown.","data":{"VkCode":27,"Flags":0,"escapePressCount":1},"timestamp":1772180540687}
{"sessionId":"58625f","runId":"post-fix","hypothesisId":"H6","location":"Program.cs:KeyboardHookCallback","message":"Global hook captured escape keydown.","data":{"VkCode":27,"Flags":0,"escapePressCount":2},"timestamp":1772180543702}
{"sessionId":"58625f","runId":"post-fix","hypothesisId":"H3","location":"Program.cs:BringTerminalToFront","message":"No terminal window handle available after bring/start.","data":{"pauseTerminalWindow":0,"pauseTerminalWindowTitle":"YOU_PAUSE_TERMINAL_32100"},"timestamp":1772180544821}
{"sessionId":"58625f","runId":"post-fix","hypothesisId":"H3","location":"Program.cs:WaitForTerminalEscapeToExit","message":"Entered second-escape wait loop.","data":{"pauseTerminalWindow":0,"pauseTerminalWindowTitle":"YOU_PAUSE_TERMINAL_32100"},"timestamp":1772180544827}
{"sessionId":"58625f","runId":"post-fix","hypothesisId":"H5","location":"Program.cs:WaitForTerminalEscapeToExit","message":"Observed escape press event in pause loop.","data":{"hasNewEscapePress":true,"terminalIsFocused":true},"timestamp":1772180544832}
{"sessionId":"58625f","runId":"post-fix","hypothesisId":"H4","location":"Program.cs:WaitForTerminalEscapeToExit","message":"Pause loop heartbeat.","data":{"loopCount":0,"terminalIsFocused":true,"foregroundWindow":48300264,"pauseTerminalWindow":0,"pauseTerminalWindowTitle":"YOU_PAUSE_TERMINAL_32100"},"timestamp":1772180544838}
{"sessionId":"58625f","runId":"post-fix","hypothesisId":"H1","location":"Program.cs:WaitForTerminalEscapeToExit","message":"Second escape accepted; exiting.","data":{"terminalIsFocused":true,"hasNewEscapePress":true,"foregroundWindow":48300264,"pauseTerminalWindow":0},"timestamp":1772180544847}
{"sessionId":"58625f","runId":"post-fix","hypothesisId":"H6","location":"Program.cs:StartGlobalEscapeHook","message":"Starting global keyboard hook thread.","data":{},"timestamp":1772180581802}
{"sessionId":"58625f","runId":"post-fix","hypothesisId":"H6","location":"Program.cs:StartGlobalEscapeHook","message":"Global keyboard hook installed.","data":{},"timestamp":1772180581916}
{"sessionId":"58625f","runId":"post-fix","hypothesisId":"H6","location":"Program.cs:KeyboardHookCallback","message":"Global hook captured escape keydown.","data":{"VkCode":27,"Flags":0,"escapePressCount":1},"timestamp":1772180583842}
{"sessionId":"58625f","runId":"post-fix","hypothesisId":"H2","location":"Program.cs:PollEscapeHotkey","message":"First escape edge detected; entering pause mode.","data":{"hasNewEscapePress":true,"pauseRequested":true,"ignoreEscapeUntilUtcTicks":639077773843598781},"timestamp":1772180583860}
{"sessionId":"58625f","runId":"post-fix","hypothesisId":"H6","location":"Program.cs:KeyboardHookCallback","message":"Global hook captured escape keydown.","data":{"VkCode":27,"Flags":0,"escapePressCount":2},"timestamp":1772180586295}
{"sessionId":"58625f","runId":"post-fix","hypothesisId":"H3","location":"Program.cs:BringTerminalToFront","message":"No terminal window handle available after bring/start.","data":{"pauseTerminalWindow":0,"pauseTerminalWindowTitle":"YOU_PAUSE_TERMINAL_45348"},"timestamp":1772180587974}
{"sessionId":"58625f","runId":"post-fix","hypothesisId":"H3","location":"Program.cs:WaitForTerminalEscapeToExit","message":"Entered second-escape wait loop.","data":{"pauseTerminalWindow":0,"pauseTerminalWindowTitle":"YOU_PAUSE_TERMINAL_45348"},"timestamp":1772180587980}
{"sessionId":"58625f","runId":"post-fix","hypothesisId":"H5","location":"Program.cs:WaitForTerminalEscapeToExit","message":"Observed escape press event in pause loop.","data":{"hasNewEscapePress":true,"terminalIsFocused":true},"timestamp":1772180587984}
{"sessionId":"58625f","runId":"post-fix","hypothesisId":"H4","location":"Program.cs:WaitForTerminalEscapeToExit","message":"Pause loop heartbeat.","data":{"loopCount":0,"terminalIsFocused":true,"foregroundWindow":22547010,"pauseTerminalWindow":0,"pauseTerminalWindowTitle":"YOU_PAUSE_TERMINAL_45348"},"timestamp":1772180587988}
{"sessionId":"58625f","runId":"post-fix","hypothesisId":"H1","location":"Program.cs:WaitForTerminalEscapeToExit","message":"Second escape accepted; exiting.","data":{"terminalIsFocused":true,"hasNewEscapePress":true,"foregroundWindow":22547010,"pauseTerminalWindow":0},"timestamp":1772180588001}
